
> my-storybook-app@0.1.0 build-storybook
> storybook build --output-dir C:\Users\Sistemas\AppData\Local\Temp\chromatic--18072-E5uQTiYnjAH2

@storybook/cli v8.1.1

info => Cleaning outputDir: ..\..\..\..\Users\Sistemas\AppData\Local\Temp\chromatic--18072-E5uQTiYnjAH2
info => Loading presets
info Found existing addon "@storybook/addon-docs", skipping.
info Found existing addon "@storybook/addon-controls", skipping.
info Found existing addon "@storybook/addon-docs", skipping.
info Found existing addon "@storybook/addon-controls", skipping.
info => Building manager..
info => Manager built (386 ms)
info => Building preview..
info => Loading Webpack configuration from `node_modules\react-scripts`
info => Removing existing JavaScript and TypeScript rules.
info => Modifying Create React App rules.
info Addon-docs: using MDX3
info => Using default Webpack5 setup
info => Copying static files: public at ..\..\..\..\Users\Sistemas\AppData\Local\Temp\chromatic--18072-E5uQTiYnjAH2
WARN [eslint] 
WARN src\components\Button.stories.js
WARN   Line 23:14:  The story should use PascalCase notation: myStory  storybook/prefer-pascal-case
WARN 
WARN 
WARN asset size limit: The following asset(s) exceed the recommended size limit (244 KiB).
WARN This can impact web performance.
WARN Assets: 
WARN   7a58d2cb9a6358f85e9b.png (456 KiB)
WARN   7.13f00ccc.iframe.bundle.js (759 KiB)
WARN   797.402203c7.iframe.bundle.js (674 KiB)
WARN   762.30fd7560.iframe.bundle.js (939 KiB)
WARN entrypoint size limit: The following entrypoint(s) combined asset size exceeds the recommended limit (244 KiB). This can impact web performance.
WARN Entrypoints:
WARN   main (955 KiB)
WARN       runtime~main.cc712aaf.iframe.bundle.js
WARN       762.30fd7560.iframe.bundle.js
WARN       main.96f46ad6.iframe.bundle.js
WARN 
info => Preview built (21 s)
info => Output directory: C:\Users\Sistemas\AppData\Local\Temp\chromatic--18072-E5uQTiYnjAH2
